{"name": "test_employment_status[chromium]", "status": "failed", "statusDetails": {"message": "AssertionError: API status 'Test324' not found in UI statuses []\nassert 'Test324' in []", "trace": "page = <Page url='https://opensource-demo.orangehrmlive.com/web/index.php/admin/employmentStatus'>\n\n>   ???\nE   AssertionError: API status 'Test324' not found in UI statuses []\nE   assert 'Test324' in []\n\nD:\\Personal\\Orange-HRM_Playwright-Python\\features\\test_admin.py:25: AssertionError"}, "parameters": [{"name": "browser", "value": "'chromium'"}], "start": 1756380142918, "stop": 1756380159597, "uuid": "1d8cad61-c404-497f-ae08-424ae44a89a8", "historyId": "6c5bef5896a20f5c7c2bee459675b6ce", "testCaseId": "688597d0e3beec92dbddb0195c760500", "fullName": "tests.test_admin#test_employment_status", "labels": [{"name": "parentSuite", "value": "tests"}, {"name": "suite", "value": "test_admin"}, {"name": "host", "value": "COGNINE-L209"}, {"name": "thread", "value": "14704-MainThread"}, {"name": "framework", "value": "pytest"}, {"name": "language", "value": "cpython3"}, {"name": "package", "value": "tests.test_admin"}]}