{"name": "test_employment_status[chromium]", "status": "failed", "statusDetails": {"message": "AssertionError: API status 'AutoStatus' not found in UI statuses []\nassert 'AutoStatus' in []", "trace": "page = <Page url='https://opensource-demo.orangehrmlive.com/web/index.php/admin/employmentStatus'>\n\n>   ???\nE   AssertionError: API status 'AutoStatus' not found in UI statuses []\nE   assert 'AutoStatus' in []\n\nD:\\Personal\\Orange-HRM_Playwright-Python\\features\\test_admin.py:25: AssertionError"}, "parameters": [{"name": "browser", "value": "'chromium'"}], "start": 1756379695617, "stop": 1756379706213, "uuid": "ddc73a83-9f0e-45ad-b733-5c0e2e25f446", "historyId": "6c5bef5896a20f5c7c2bee459675b6ce", "testCaseId": "688597d0e3beec92dbddb0195c760500", "fullName": "tests.test_admin#test_employment_status", "labels": [{"name": "parentSuite", "value": "tests"}, {"name": "suite", "value": "test_admin"}, {"name": "host", "value": "COGNINE-L209"}, {"name": "thread", "value": "6692-MainThread"}, {"name": "framework", "value": "pytest"}, {"name": "language", "value": "cpython3"}, {"name": "package", "value": "tests.test_admin"}]}